{
  "stats": {
    "suites": 1,
    "tests": 2,
    "passes": 1,
    "pending": 0,
    "failures": 1,
    "start": "2020-12-23T23:49:57.333Z",
    "end": "2020-12-23T23:50:45.337Z",
    "duration": 48004,
    "testsRegistered": 2,
    "passPercent": 50,
    "pendingPercent": 0,
    "other": 0,
    "hasOther": false,
    "skipped": 0,
    "hasSkipped": false
  },
  "results": [
    {
      "uuid": "f0292fa0-9b21-407d-a4ac-3fb9fef6ca21",
      "title": "",
      "fullFile": "cypress/integration/test.feature",
      "file": "cypress/integration/test.feature",
      "beforeHooks": [],
      "afterHooks": [],
      "tests": [],
      "suites": [
        {
          "uuid": "fe0acd6b-bad6-4140-a46e-4f00fd80b897",
          "title": "Realizar Cadastro na página de Automação Demo",
          "fullFile": "",
          "file": "",
          "beforeHooks": [],
          "afterHooks": [],
          "tests": [
            {
              "title": "Preencher todos os campos",
              "fullTitle": "Realizar Cadastro na página de Automação Demo Preencher todos os campos",
              "timedOut": null,
              "duration": 20419,
              "state": "passed",
              "speed": "slow",
              "pass": true,
              "fail": false,
              "pending": false,
              "context": null,
              "code": "const state = window.testState;\nreturn cy\n  .then(() => state.onStartScenario(scenario, indexedSteps))\n  .then(() =>\n    resolveAndRunBeforeHooks.call(this, scenario.tags, state.feature.name)\n  )\n  .then(() =>\n    indexedSteps.forEach((step) =>\n      stepTest.call(this, state, step, rowData)\n    )\n  )\n  .then(() =>\n    resolveAndRunAfterHooks.call(this, scenario.tags, state.feature.name)\n  )\n  .then(() => state.onFinishScenario(scenario));",
              "err": {},
              "uuid": "607b7c68-d30d-4f02-9938-b2c8bf0b7704",
              "parentUUID": "fe0acd6b-bad6-4140-a46e-4f00fd80b897",
              "isHook": false,
              "skipped": false
            },
            {
              "title": "Preencher dados cadastro com erro",
              "fullTitle": "Realizar Cadastro na página de Automação Demo Preencher dados cadastro com erro",
              "timedOut": null,
              "duration": 27410,
              "state": "failed",
              "speed": null,
              "pass": false,
              "fail": true,
              "pending": false,
              "context": null,
              "code": "const state = window.testState;\nreturn cy\n  .then(() => state.onStartScenario(scenario, indexedSteps))\n  .then(() =>\n    resolveAndRunBeforeHooks.call(this, scenario.tags, state.feature.name)\n  )\n  .then(() =>\n    indexedSteps.forEach((step) =>\n      stepTest.call(this, state, step, rowData)\n    )\n  )\n  .then(() =>\n    resolveAndRunAfterHooks.call(this, scenario.tags, state.feature.name)\n  )\n  .then(() => state.onFinishScenario(scenario));",
              "err": {
                "message": "AssertionError: Timed out retrying: Expected to find content: 'Not Found' within the element: <h1> but never did.",
                "estack": "AssertionError: Timed out retrying: Expected to find content: 'Not Found' within the element: <h1> but never did.\n    at TestPage.validartela (http://demo.automationtesting.in/__cypress/tests?p=cypress/integration/test.feature:172:42)\n    at Context.eval (http://demo.automationtesting.in/__cypress/tests?p=cypress/integration/test.feature:238:12)\n    at Context.resolveAndRunStepDefinition (http://demo.automationtesting.in/__cypress/tests?p=cypress/integration/test.feature:12065:9)\n    at Context.eval (http://demo.automationtesting.in/__cypress/tests?p=cypress/integration/test.feature:11406:35)",
                "diff": null
              },
              "uuid": "964d5822-011e-4cf5-8099-7a385f034fc4",
              "parentUUID": "fe0acd6b-bad6-4140-a46e-4f00fd80b897",
              "isHook": false,
              "skipped": false
            }
          ],
          "suites": [],
          "passes": [
            "607b7c68-d30d-4f02-9938-b2c8bf0b7704"
          ],
          "failures": [
            "964d5822-011e-4cf5-8099-7a385f034fc4"
          ],
          "pending": [],
          "skipped": [],
          "duration": 47829,
          "root": false,
          "rootEmpty": false,
          "_timeout": 2000
        }
      ],
      "passes": [],
      "failures": [],
      "pending": [],
      "skipped": [],
      "duration": 0,
      "root": true,
      "rootEmpty": true,
      "_timeout": 2000
    }
  ],
  "meta": {
    "mocha": {
      "version": "7.0.1"
    },
    "mochawesome": {
      "options": {
        "quiet": false,
        "reportFilename": "mochawesome",
        "saveHtml": true,
        "saveJson": true,
        "consoleReporter": "spec",
        "useInlineDiffs": false,
        "code": true
      },
      "version": "6.2.1"
    },
    "marge": {
      "options": null,
      "version": "5.1.0"
    }
  }
}