{
  "stats": {
    "suites": 1,
    "tests": 2,
    "passes": 1,
    "pending": 0,
    "failures": 1,
    "start": "2020-12-19T00:55:21.314Z",
    "end": "2020-12-19T00:56:02.638Z",
    "duration": 41324,
    "testsRegistered": 2,
    "passPercent": 50,
    "pendingPercent": 0,
    "other": 0,
    "hasOther": false,
    "skipped": 0,
    "hasSkipped": false
  },
  "results": [
    {
      "uuid": "38ad5517-cf28-4437-bbac-8a44b32c0d1a",
      "title": "",
      "fullFile": "cypress/integration/test.feature",
      "file": "cypress/integration/test.feature",
      "beforeHooks": [],
      "afterHooks": [],
      "tests": [],
      "suites": [
        {
          "uuid": "c5fcefd0-698e-46c7-9574-7bafeaff11f0",
          "title": "Realizar Cadastro na página de Automação Demo",
          "fullFile": "",
          "file": "",
          "beforeHooks": [],
          "afterHooks": [],
          "tests": [
            {
              "title": "Preencher todos os campos",
              "fullTitle": "Realizar Cadastro na página de Automação Demo Preencher todos os campos",
              "timedOut": null,
              "duration": 19692,
              "state": "passed",
              "speed": "slow",
              "pass": true,
              "fail": false,
              "pending": false,
              "context": null,
              "code": "const state = window.testState;\nreturn cy\n  .then(() => state.onStartScenario(scenario, indexedSteps))\n  .then(() =>\n    resolveAndRunBeforeHooks.call(this, scenario.tags, state.feature.name)\n  )\n  .then(() =>\n    indexedSteps.forEach((step) =>\n      stepTest.call(this, state, step, rowData)\n    )\n  )\n  .then(() =>\n    resolveAndRunAfterHooks.call(this, scenario.tags, state.feature.name)\n  )\n  .then(() => state.onFinishScenario(scenario));",
              "err": {},
              "uuid": "77f220ef-a6c4-4324-976b-ed8132d464a0",
              "parentUUID": "c5fcefd0-698e-46c7-9574-7bafeaff11f0",
              "isHook": false,
              "skipped": false
            },
            {
              "title": "Preencher dados incorretos",
              "fullTitle": "Realizar Cadastro na página de Automação Demo Preencher dados incorretos",
              "timedOut": null,
              "duration": 21330,
              "state": "failed",
              "speed": null,
              "pass": false,
              "fail": true,
              "pending": false,
              "context": null,
              "code": "const state = window.testState;\nreturn cy\n  .then(() => state.onStartScenario(scenario, indexedSteps))\n  .then(() =>\n    resolveAndRunBeforeHooks.call(this, scenario.tags, state.feature.name)\n  )\n  .then(() =>\n    indexedSteps.forEach((step) =>\n      stepTest.call(this, state, step, rowData)\n    )\n  )\n  .then(() =>\n    resolveAndRunAfterHooks.call(this, scenario.tags, state.feature.name)\n  )\n  .then(() => state.onFinishScenario(scenario));",
              "err": {
                "message": "AssertionError: Timed out retrying: Expected to find content: 'Portugues' within the element: <a.ui-corner-all> but never did.",
                "estack": "AssertionError: Timed out retrying: Expected to find content: 'Portugues' within the element: <a.ui-corner-all> but never did.\n    at TestPage.selecionarlanguageincorreto (http://demo.automationtesting.in/__cypress/tests?p=cypress/integration/test.feature:180:48)\n    at Context.eval (http://demo.automationtesting.in/__cypress/tests?p=cypress/integration/test.feature:236:12)\n    at Context.resolveAndRunStepDefinition (http://demo.automationtesting.in/__cypress/tests?p=cypress/integration/test.feature:12069:9)\n    at Context.eval (http://demo.automationtesting.in/__cypress/tests?p=cypress/integration/test.feature:11410:35)",
                "diff": null
              },
              "uuid": "b264f7d0-e925-4799-acff-7bbe26f14781",
              "parentUUID": "c5fcefd0-698e-46c7-9574-7bafeaff11f0",
              "isHook": false,
              "skipped": false
            }
          ],
          "suites": [],
          "passes": [
            "77f220ef-a6c4-4324-976b-ed8132d464a0"
          ],
          "failures": [
            "b264f7d0-e925-4799-acff-7bbe26f14781"
          ],
          "pending": [],
          "skipped": [],
          "duration": 41022,
          "root": false,
          "rootEmpty": false,
          "_timeout": 2000
        }
      ],
      "passes": [],
      "failures": [],
      "pending": [],
      "skipped": [],
      "duration": 0,
      "root": true,
      "rootEmpty": true,
      "_timeout": 2000
    }
  ],
  "meta": {
    "mocha": {
      "version": "7.0.1"
    },
    "mochawesome": {
      "options": {
        "quiet": false,
        "reportFilename": "mochawesome",
        "saveHtml": true,
        "saveJson": true,
        "consoleReporter": "spec",
        "useInlineDiffs": false,
        "code": true
      },
      "version": "6.2.1"
    },
    "marge": {
      "options": null,
      "version": "5.1.0"
    }
  }
}